CRITICAL - 2021-02-20 08:39:10 --> Class 'App\Filters\Services' not found
#0 C:\wamp64\www\estudo-api\api2\vendor\codeigniter4\framework\system\Filters\Filters.php(181): App\Filters\AuthFilter->before(Object(CodeIgniter\HTTP\IncomingRequest), NULL)
#1 C:\wamp64\www\estudo-api\api2\vendor\codeigniter4\framework\system\CodeIgniter.php(403): CodeIgniter\Filters\Filters->run('clientes', 'before')
#2 C:\wamp64\www\estudo-api\api2\vendor\codeigniter4\framework\system\CodeIgniter.php(333): CodeIgniter\CodeIgniter->handleRequest(NULL, Object(Config\Cache), false)
#3 C:\wamp64\www\estudo-api\api2\public\index.php(44): CodeIgniter\CodeIgniter->run()
#4 {main}
CRITICAL - 2021-02-20 10:33:09 --> Class 'App\Controllers\Services' not found
#0 C:\wamp64\www\estudo-api\api2\vendor\codeigniter4\framework\system\CodeIgniter.php(936): App\Controllers\Auth->create()
#1 C:\wamp64\www\estudo-api\api2\vendor\codeigniter4\framework\system\CodeIgniter.php(432): CodeIgniter\CodeIgniter->runController(Object(App\Controllers\Auth))
#2 C:\wamp64\www\estudo-api\api2\vendor\codeigniter4\framework\system\CodeIgniter.php(333): CodeIgniter\CodeIgniter->handleRequest(NULL, Object(Config\Cache), false)
#3 C:\wamp64\www\estudo-api\api2\public\index.php(44): CodeIgniter\CodeIgniter->run()
#4 {main}
CRITICAL - 2021-02-20 10:56:51 --> syntax error, unexpected '=>' (T_DOUBLE_ARROW), expecting ')'
#0 C:\wamp64\www\estudo-api\api2\vendor\codeigniter4\framework\system\Autoloader\Autoloader.php(265): CodeIgniter\Autoloader\Autoloader->includeFile('C:\\wamp64\\www\\e...')
#1 C:\wamp64\www\estudo-api\api2\vendor\codeigniter4\framework\system\Autoloader\Autoloader.php(228): CodeIgniter\Autoloader\Autoloader->loadInNamespace('App\\Controllers...')
#2 [internal function]: CodeIgniter\Autoloader\Autoloader->loadClass('App\\Controllers...')
#3 [internal function]: spl_autoload_call('App\\Controllers...')
#4 C:\wamp64\www\estudo-api\api2\vendor\codeigniter4\framework\system\CodeIgniter.php(893): class_exists('\\App\\Controller...', true)
#5 C:\wamp64\www\estudo-api\api2\vendor\codeigniter4\framework\system\CodeIgniter.php(417): CodeIgniter\CodeIgniter->startController()
#6 C:\wamp64\www\estudo-api\api2\vendor\codeigniter4\framework\system\CodeIgniter.php(333): CodeIgniter\CodeIgniter->handleRequest(NULL, Object(Config\Cache), false)
#7 C:\wamp64\www\estudo-api\api2\public\index.php(44): CodeIgniter\CodeIgniter->run()
#8 {main}
CRITICAL - 2021-02-20 10:57:19 --> syntax error, unexpected '=>' (T_DOUBLE_ARROW), expecting ')'
#0 C:\wamp64\www\estudo-api\api2\vendor\codeigniter4\framework\system\Autoloader\Autoloader.php(265): CodeIgniter\Autoloader\Autoloader->includeFile('C:\\wamp64\\www\\e...')
#1 C:\wamp64\www\estudo-api\api2\vendor\codeigniter4\framework\system\Autoloader\Autoloader.php(228): CodeIgniter\Autoloader\Autoloader->loadInNamespace('App\\Controllers...')
#2 [internal function]: CodeIgniter\Autoloader\Autoloader->loadClass('App\\Controllers...')
#3 [internal function]: spl_autoload_call('App\\Controllers...')
#4 C:\wamp64\www\estudo-api\api2\vendor\codeigniter4\framework\system\CodeIgniter.php(893): class_exists('\\App\\Controller...', true)
#5 C:\wamp64\www\estudo-api\api2\vendor\codeigniter4\framework\system\CodeIgniter.php(417): CodeIgniter\CodeIgniter->startController()
#6 C:\wamp64\www\estudo-api\api2\vendor\codeigniter4\framework\system\CodeIgniter.php(333): CodeIgniter\CodeIgniter->handleRequest(NULL, Object(Config\Cache), false)
#7 C:\wamp64\www\estudo-api\api2\public\index.php(44): CodeIgniter\CodeIgniter->run()
#8 {main}
CRITICAL - 2021-02-20 10:59:28 --> syntax error, unexpected '=>' (T_DOUBLE_ARROW), expecting ')'
#0 C:\wamp64\www\estudo-api\api2\vendor\codeigniter4\framework\system\Autoloader\Autoloader.php(265): CodeIgniter\Autoloader\Autoloader->includeFile('C:\\wamp64\\www\\e...')
#1 C:\wamp64\www\estudo-api\api2\vendor\codeigniter4\framework\system\Autoloader\Autoloader.php(228): CodeIgniter\Autoloader\Autoloader->loadInNamespace('App\\Controllers...')
#2 [internal function]: CodeIgniter\Autoloader\Autoloader->loadClass('App\\Controllers...')
#3 [internal function]: spl_autoload_call('App\\Controllers...')
#4 C:\wamp64\www\estudo-api\api2\vendor\codeigniter4\framework\system\CodeIgniter.php(893): class_exists('\\App\\Controller...', true)
#5 C:\wamp64\www\estudo-api\api2\vendor\codeigniter4\framework\system\CodeIgniter.php(417): CodeIgniter\CodeIgniter->startController()
#6 C:\wamp64\www\estudo-api\api2\vendor\codeigniter4\framework\system\CodeIgniter.php(333): CodeIgniter\CodeIgniter->handleRequest(NULL, Object(Config\Cache), false)
#7 C:\wamp64\www\estudo-api\api2\public\index.php(44): CodeIgniter\CodeIgniter->run()
#8 {main}
CRITICAL - 2021-02-20 10:59:50 --> syntax error, unexpected '=>' (T_DOUBLE_ARROW), expecting ')'
#0 C:\wamp64\www\estudo-api\api2\vendor\codeigniter4\framework\system\Autoloader\Autoloader.php(265): CodeIgniter\Autoloader\Autoloader->includeFile('C:\\wamp64\\www\\e...')
#1 C:\wamp64\www\estudo-api\api2\vendor\codeigniter4\framework\system\Autoloader\Autoloader.php(228): CodeIgniter\Autoloader\Autoloader->loadInNamespace('App\\Controllers...')
#2 [internal function]: CodeIgniter\Autoloader\Autoloader->loadClass('App\\Controllers...')
#3 [internal function]: spl_autoload_call('App\\Controllers...')
#4 C:\wamp64\www\estudo-api\api2\vendor\codeigniter4\framework\system\CodeIgniter.php(893): class_exists('\\App\\Controller...', true)
#5 C:\wamp64\www\estudo-api\api2\vendor\codeigniter4\framework\system\CodeIgniter.php(417): CodeIgniter\CodeIgniter->startController()
#6 C:\wamp64\www\estudo-api\api2\vendor\codeigniter4\framework\system\CodeIgniter.php(333): CodeIgniter\CodeIgniter->handleRequest(NULL, Object(Config\Cache), false)
#7 C:\wamp64\www\estudo-api\api2\public\index.php(44): CodeIgniter\CodeIgniter->run()
#8 {main}
CRITICAL - 2021-02-20 11:01:04 --> syntax error, unexpected '=>' (T_DOUBLE_ARROW), expecting ')'
#0 C:\wamp64\www\estudo-api\api2\vendor\codeigniter4\framework\system\Autoloader\Autoloader.php(265): CodeIgniter\Autoloader\Autoloader->includeFile('C:\\wamp64\\www\\e...')
#1 C:\wamp64\www\estudo-api\api2\vendor\codeigniter4\framework\system\Autoloader\Autoloader.php(228): CodeIgniter\Autoloader\Autoloader->loadInNamespace('App\\Controllers...')
#2 [internal function]: CodeIgniter\Autoloader\Autoloader->loadClass('App\\Controllers...')
#3 [internal function]: spl_autoload_call('App\\Controllers...')
#4 C:\wamp64\www\estudo-api\api2\vendor\codeigniter4\framework\system\CodeIgniter.php(893): class_exists('\\App\\Controller...', true)
#5 C:\wamp64\www\estudo-api\api2\vendor\codeigniter4\framework\system\CodeIgniter.php(417): CodeIgniter\CodeIgniter->startController()
#6 C:\wamp64\www\estudo-api\api2\vendor\codeigniter4\framework\system\CodeIgniter.php(333): CodeIgniter\CodeIgniter->handleRequest(NULL, Object(Config\Cache), false)
#7 C:\wamp64\www\estudo-api\api2\public\index.php(44): CodeIgniter\CodeIgniter->run()
#8 {main}
CRITICAL - 2021-02-20 11:01:45 --> syntax error, unexpected '=>' (T_DOUBLE_ARROW), expecting ')'
#0 C:\wamp64\www\estudo-api\api2\vendor\codeigniter4\framework\system\Autoloader\Autoloader.php(265): CodeIgniter\Autoloader\Autoloader->includeFile('C:\\wamp64\\www\\e...')
#1 C:\wamp64\www\estudo-api\api2\vendor\codeigniter4\framework\system\Autoloader\Autoloader.php(228): CodeIgniter\Autoloader\Autoloader->loadInNamespace('App\\Controllers...')
#2 [internal function]: CodeIgniter\Autoloader\Autoloader->loadClass('App\\Controllers...')
#3 [internal function]: spl_autoload_call('App\\Controllers...')
#4 C:\wamp64\www\estudo-api\api2\vendor\codeigniter4\framework\system\CodeIgniter.php(893): class_exists('\\App\\Controller...', true)
#5 C:\wamp64\www\estudo-api\api2\vendor\codeigniter4\framework\system\CodeIgniter.php(417): CodeIgniter\CodeIgniter->startController()
#6 C:\wamp64\www\estudo-api\api2\vendor\codeigniter4\framework\system\CodeIgniter.php(333): CodeIgniter\CodeIgniter->handleRequest(NULL, Object(Config\Cache), false)
#7 C:\wamp64\www\estudo-api\api2\public\index.php(44): CodeIgniter\CodeIgniter->run()
#8 {main}
CRITICAL - 2021-02-20 11:22:49 --> Class 'App\Filters\Services' not found
#0 C:\wamp64\www\estudo-api\api2\vendor\codeigniter4\framework\system\Filters\Filters.php(181): App\Filters\AuthFilter->before(Object(CodeIgniter\HTTP\IncomingRequest), NULL)
#1 C:\wamp64\www\estudo-api\api2\vendor\codeigniter4\framework\system\CodeIgniter.php(403): CodeIgniter\Filters\Filters->run('clientes', 'before')
#2 C:\wamp64\www\estudo-api\api2\vendor\codeigniter4\framework\system\CodeIgniter.php(333): CodeIgniter\CodeIgniter->handleRequest(NULL, Object(Config\Cache), false)
#3 C:\wamp64\www\estudo-api\api2\public\index.php(44): CodeIgniter\CodeIgniter->run()
#4 {main}
CRITICAL - 2021-02-20 11:23:09 --> Class 'App\Filters\Services' not found
#0 C:\wamp64\www\estudo-api\api2\vendor\codeigniter4\framework\system\Filters\Filters.php(181): App\Filters\AuthFilter->before(Object(CodeIgniter\HTTP\IncomingRequest), NULL)
#1 C:\wamp64\www\estudo-api\api2\vendor\codeigniter4\framework\system\CodeIgniter.php(403): CodeIgniter\Filters\Filters->run('clientes', 'before')
#2 C:\wamp64\www\estudo-api\api2\vendor\codeigniter4\framework\system\CodeIgniter.php(333): CodeIgniter\CodeIgniter->handleRequest(NULL, Object(Config\Cache), false)
#3 C:\wamp64\www\estudo-api\api2\public\index.php(44): CodeIgniter\CodeIgniter->run()
#4 {main}
CRITICAL - 2021-02-20 11:23:44 --> Class 'App\Filters\Services' not found
#0 C:\wamp64\www\estudo-api\api2\vendor\codeigniter4\framework\system\Filters\Filters.php(181): App\Filters\AuthFilter->before(Object(CodeIgniter\HTTP\IncomingRequest), NULL)
#1 C:\wamp64\www\estudo-api\api2\vendor\codeigniter4\framework\system\CodeIgniter.php(403): CodeIgniter\Filters\Filters->run('clientes', 'before')
#2 C:\wamp64\www\estudo-api\api2\vendor\codeigniter4\framework\system\CodeIgniter.php(333): CodeIgniter\CodeIgniter->handleRequest(NULL, Object(Config\Cache), false)
#3 C:\wamp64\www\estudo-api\api2\public\index.php(44): CodeIgniter\CodeIgniter->run()
#4 {main}
CRITICAL - 2021-02-20 11:24:28 --> Class 'App\Filters\Services' not found
#0 C:\wamp64\www\estudo-api\api2\vendor\codeigniter4\framework\system\Filters\Filters.php(181): App\Filters\AuthFilter->before(Object(CodeIgniter\HTTP\IncomingRequest), NULL)
#1 C:\wamp64\www\estudo-api\api2\vendor\codeigniter4\framework\system\CodeIgniter.php(403): CodeIgniter\Filters\Filters->run('clientes', 'before')
#2 C:\wamp64\www\estudo-api\api2\vendor\codeigniter4\framework\system\CodeIgniter.php(333): CodeIgniter\CodeIgniter->handleRequest(NULL, Object(Config\Cache), false)
#3 C:\wamp64\www\estudo-api\api2\public\index.php(44): CodeIgniter\CodeIgniter->run()
#4 {main}
CRITICAL - 2021-02-20 11:28:58 --> Undefined property: App\Filters\AuthFilter::$response
#0 C:\wamp64\www\estudo-api\api2\vendor\codeigniter4\framework\system\API\ResponseTrait.php(391): CodeIgniter\Debug\Exceptions->errorHandler(8, 'Undefined prope...', 'C:\\wamp64\\www\\e...', 391, Array)
#1 C:\wamp64\www\estudo-api\api2\vendor\codeigniter4\framework\system\API\ResponseTrait.php(114): App\Filters\AuthFilter->format(Array)
#2 C:\wamp64\www\estudo-api\api2\app\Filters\AuthFilter.php(42): App\Filters\AuthFilter->respond(Array, 401)
#3 C:\wamp64\www\estudo-api\api2\vendor\codeigniter4\framework\system\Filters\Filters.php(181): App\Filters\AuthFilter->before(Object(CodeIgniter\HTTP\IncomingRequest), NULL)
#4 C:\wamp64\www\estudo-api\api2\vendor\codeigniter4\framework\system\CodeIgniter.php(403): CodeIgniter\Filters\Filters->run('clientes', 'before')
#5 C:\wamp64\www\estudo-api\api2\vendor\codeigniter4\framework\system\CodeIgniter.php(333): CodeIgniter\CodeIgniter->handleRequest(NULL, Object(Config\Cache), false)
#6 C:\wamp64\www\estudo-api\api2\public\index.php(44): CodeIgniter\CodeIgniter->run()
#7 {main}
CRITICAL - 2021-02-20 11:29:58 --> Undefined property: App\Filters\AuthFilter::$response
#0 C:\wamp64\www\estudo-api\api2\vendor\codeigniter4\framework\system\API\ResponseTrait.php(391): CodeIgniter\Debug\Exceptions->errorHandler(8, 'Undefined prope...', 'C:\\wamp64\\www\\e...', 391, Array)
#1 C:\wamp64\www\estudo-api\api2\vendor\codeigniter4\framework\system\API\ResponseTrait.php(114): App\Filters\AuthFilter->format(Array)
#2 C:\wamp64\www\estudo-api\api2\app\Filters\AuthFilter.php(42): App\Filters\AuthFilter->respond(Array, 401)
#3 C:\wamp64\www\estudo-api\api2\vendor\codeigniter4\framework\system\Filters\Filters.php(181): App\Filters\AuthFilter->before(Object(CodeIgniter\HTTP\IncomingRequest), NULL)
#4 C:\wamp64\www\estudo-api\api2\vendor\codeigniter4\framework\system\CodeIgniter.php(403): CodeIgniter\Filters\Filters->run('clientes', 'before')
#5 C:\wamp64\www\estudo-api\api2\vendor\codeigniter4\framework\system\CodeIgniter.php(333): CodeIgniter\CodeIgniter->handleRequest(NULL, Object(Config\Cache), false)
#6 C:\wamp64\www\estudo-api\api2\public\index.php(44): CodeIgniter\CodeIgniter->run()
#7 {main}
CRITICAL - 2021-02-20 11:31:15 --> Undefined property: App\Filters\AuthFilter::$response
#0 C:\wamp64\www\estudo-api\api2\vendor\codeigniter4\framework\system\API\ResponseTrait.php(391): CodeIgniter\Debug\Exceptions->errorHandler(8, 'Undefined prope...', 'C:\\wamp64\\www\\e...', 391, Array)
#1 C:\wamp64\www\estudo-api\api2\vendor\codeigniter4\framework\system\API\ResponseTrait.php(114): App\Filters\AuthFilter->format(Array)
#2 C:\wamp64\www\estudo-api\api2\app\Filters\AuthFilter.php(43): App\Filters\AuthFilter->respond(Array, 401)
#3 C:\wamp64\www\estudo-api\api2\vendor\codeigniter4\framework\system\Filters\Filters.php(181): App\Filters\AuthFilter->before(Object(CodeIgniter\HTTP\IncomingRequest), NULL)
#4 C:\wamp64\www\estudo-api\api2\vendor\codeigniter4\framework\system\CodeIgniter.php(403): CodeIgniter\Filters\Filters->run('clientes', 'before')
#5 C:\wamp64\www\estudo-api\api2\vendor\codeigniter4\framework\system\CodeIgniter.php(333): CodeIgniter\CodeIgniter->handleRequest(NULL, Object(Config\Cache), false)
#6 C:\wamp64\www\estudo-api\api2\public\index.php(44): CodeIgniter\CodeIgniter->run()
#7 {main}
CRITICAL - 2021-02-20 11:31:53 --> Undefined property: App\Filters\AuthFilter::$response
#0 C:\wamp64\www\estudo-api\api2\vendor\codeigniter4\framework\system\API\ResponseTrait.php(391): CodeIgniter\Debug\Exceptions->errorHandler(8, 'Undefined prope...', 'C:\\wamp64\\www\\e...', 391, Array)
#1 C:\wamp64\www\estudo-api\api2\vendor\codeigniter4\framework\system\API\ResponseTrait.php(114): App\Filters\AuthFilter->format(Array)
#2 C:\wamp64\www\estudo-api\api2\app\Filters\AuthFilter.php(42): App\Filters\AuthFilter->respond(Array, 401)
#3 C:\wamp64\www\estudo-api\api2\vendor\codeigniter4\framework\system\Filters\Filters.php(181): App\Filters\AuthFilter->before(Object(CodeIgniter\HTTP\IncomingRequest), NULL)
#4 C:\wamp64\www\estudo-api\api2\vendor\codeigniter4\framework\system\CodeIgniter.php(403): CodeIgniter\Filters\Filters->run('clientes', 'before')
#5 C:\wamp64\www\estudo-api\api2\vendor\codeigniter4\framework\system\CodeIgniter.php(333): CodeIgniter\CodeIgniter->handleRequest(NULL, Object(Config\Cache), false)
#6 C:\wamp64\www\estudo-api\api2\public\index.php(44): CodeIgniter\CodeIgniter->run()
#7 {main}
CRITICAL - 2021-02-20 11:34:24 --> syntax error, unexpected '$this' (T_VARIABLE)
#0 C:\wamp64\www\estudo-api\api2\vendor\codeigniter4\framework\system\Autoloader\Autoloader.php(265): CodeIgniter\Autoloader\Autoloader->includeFile('C:\\wamp64\\www\\e...')
#1 C:\wamp64\www\estudo-api\api2\vendor\codeigniter4\framework\system\Autoloader\Autoloader.php(228): CodeIgniter\Autoloader\Autoloader->loadInNamespace('App\\Filters\\Aut...')
#2 [internal function]: CodeIgniter\Autoloader\Autoloader->loadClass('App\\Filters\\Aut...')
#3 C:\wamp64\www\estudo-api\api2\vendor\codeigniter4\framework\system\Filters\Filters.php(172): spl_autoload_call('App\\Filters\\Aut...')
#4 C:\wamp64\www\estudo-api\api2\vendor\codeigniter4\framework\system\CodeIgniter.php(403): CodeIgniter\Filters\Filters->run('clientes', 'before')
#5 C:\wamp64\www\estudo-api\api2\vendor\codeigniter4\framework\system\CodeIgniter.php(333): CodeIgniter\CodeIgniter->handleRequest(NULL, Object(Config\Cache), false)
#6 C:\wamp64\www\estudo-api\api2\public\index.php(44): CodeIgniter\CodeIgniter->run()
#7 {main}
CRITICAL - 2021-02-20 11:34:53 --> Undefined property: App\Filters\AuthFilter::$response
#0 C:\wamp64\www\estudo-api\api2\vendor\codeigniter4\framework\system\API\ResponseTrait.php(391): CodeIgniter\Debug\Exceptions->errorHandler(8, 'Undefined prope...', 'C:\\wamp64\\www\\e...', 391, Array)
#1 C:\wamp64\www\estudo-api\api2\vendor\codeigniter4\framework\system\API\ResponseTrait.php(114): App\Filters\AuthFilter->format(Array)
#2 C:\wamp64\www\estudo-api\api2\app\Filters\AuthFilter.php(24): App\Filters\AuthFilter->respond(Array, 401)
#3 C:\wamp64\www\estudo-api\api2\vendor\codeigniter4\framework\system\Filters\Filters.php(181): App\Filters\AuthFilter->before(Object(CodeIgniter\HTTP\IncomingRequest), NULL)
#4 C:\wamp64\www\estudo-api\api2\vendor\codeigniter4\framework\system\CodeIgniter.php(403): CodeIgniter\Filters\Filters->run('clientes', 'before')
#5 C:\wamp64\www\estudo-api\api2\vendor\codeigniter4\framework\system\CodeIgniter.php(333): CodeIgniter\CodeIgniter->handleRequest(NULL, Object(Config\Cache), false)
#6 C:\wamp64\www\estudo-api\api2\public\index.php(44): CodeIgniter\CodeIgniter->run()
#7 {main}
CRITICAL - 2021-02-20 11:36:10 --> syntax error, unexpected 'use' (T_USE)
#0 C:\wamp64\www\estudo-api\api2\vendor\codeigniter4\framework\system\Autoloader\Autoloader.php(265): CodeIgniter\Autoloader\Autoloader->includeFile('C:\\wamp64\\www\\e...')
#1 C:\wamp64\www\estudo-api\api2\vendor\codeigniter4\framework\system\Autoloader\Autoloader.php(228): CodeIgniter\Autoloader\Autoloader->loadInNamespace('App\\Filters\\Aut...')
#2 [internal function]: CodeIgniter\Autoloader\Autoloader->loadClass('App\\Filters\\Aut...')
#3 C:\wamp64\www\estudo-api\api2\vendor\codeigniter4\framework\system\Filters\Filters.php(172): spl_autoload_call('App\\Filters\\Aut...')
#4 C:\wamp64\www\estudo-api\api2\vendor\codeigniter4\framework\system\CodeIgniter.php(403): CodeIgniter\Filters\Filters->run('clientes', 'before')
#5 C:\wamp64\www\estudo-api\api2\vendor\codeigniter4\framework\system\CodeIgniter.php(333): CodeIgniter\CodeIgniter->handleRequest(NULL, Object(Config\Cache), false)
#6 C:\wamp64\www\estudo-api\api2\public\index.php(44): CodeIgniter\CodeIgniter->run()
#7 {main}
CRITICAL - 2021-02-20 12:08:21 --> Undefined property: stdClass::$senha
#0 C:\wamp64\www\estudo-api\api2\app\Controllers\Auth.php(45): CodeIgniter\Debug\Exceptions->errorHandler(8, 'Undefined prope...', 'C:\\wamp64\\www\\e...', 45, Array)
#1 C:\wamp64\www\estudo-api\api2\vendor\codeigniter4\framework\system\CodeIgniter.php(936): App\Controllers\Auth->create()
#2 C:\wamp64\www\estudo-api\api2\vendor\codeigniter4\framework\system\CodeIgniter.php(432): CodeIgniter\CodeIgniter->runController(Object(App\Controllers\Auth))
#3 C:\wamp64\www\estudo-api\api2\vendor\codeigniter4\framework\system\CodeIgniter.php(333): CodeIgniter\CodeIgniter->handleRequest(NULL, Object(Config\Cache), false)
#4 C:\wamp64\www\estudo-api\api2\public\index.php(44): CodeIgniter\CodeIgniter->run()
#5 {main}
CRITICAL - 2021-02-20 12:26:45 --> Undefined property: stdClass::$senha
#0 C:\wamp64\www\estudo-api\api2\app\Controllers\Auth.php(45): CodeIgniter\Debug\Exceptions->errorHandler(8, 'Undefined prope...', 'C:\\wamp64\\www\\e...', 45, Array)
#1 C:\wamp64\www\estudo-api\api2\vendor\codeigniter4\framework\system\CodeIgniter.php(936): App\Controllers\Auth->create()
#2 C:\wamp64\www\estudo-api\api2\vendor\codeigniter4\framework\system\CodeIgniter.php(432): CodeIgniter\CodeIgniter->runController(Object(App\Controllers\Auth))
#3 C:\wamp64\www\estudo-api\api2\vendor\codeigniter4\framework\system\CodeIgniter.php(333): CodeIgniter\CodeIgniter->handleRequest(NULL, Object(Config\Cache), false)
#4 C:\wamp64\www\estudo-api\api2\public\index.php(44): CodeIgniter\CodeIgniter->run()
#5 {main}
CRITICAL - 2021-02-20 12:41:47 --> syntax error, unexpected ','
#0 C:\wamp64\www\estudo-api\api2\vendor\codeigniter4\framework\system\Autoloader\Autoloader.php(265): CodeIgniter\Autoloader\Autoloader->includeFile('C:\\wamp64\\www\\e...')
#1 C:\wamp64\www\estudo-api\api2\vendor\codeigniter4\framework\system\Autoloader\Autoloader.php(228): CodeIgniter\Autoloader\Autoloader->loadInNamespace('App\\Filters\\Aut...')
#2 [internal function]: CodeIgniter\Autoloader\Autoloader->loadClass('App\\Filters\\Aut...')
#3 C:\wamp64\www\estudo-api\api2\vendor\codeigniter4\framework\system\Filters\Filters.php(172): spl_autoload_call('App\\Filters\\Aut...')
#4 C:\wamp64\www\estudo-api\api2\vendor\codeigniter4\framework\system\CodeIgniter.php(403): CodeIgniter\Filters\Filters->run('clientes', 'before')
#5 C:\wamp64\www\estudo-api\api2\vendor\codeigniter4\framework\system\CodeIgniter.php(333): CodeIgniter\CodeIgniter->handleRequest(NULL, Object(Config\Cache), false)
#6 C:\wamp64\www\estudo-api\api2\public\index.php(44): CodeIgniter\CodeIgniter->run()
#7 {main}
CRITICAL - 2021-02-20 12:42:51 --> Too few arguments to function CodeIgniter\HTTP\Message::getHeader(), 0 passed in C:\wamp64\www\estudo-api\api2\app\Filters\AuthFilter.php on line 24 and exactly 1 expected
#0 C:\wamp64\www\estudo-api\api2\app\Filters\AuthFilter.php(24): CodeIgniter\HTTP\Message->getHeader()
#1 C:\wamp64\www\estudo-api\api2\vendor\codeigniter4\framework\system\Filters\Filters.php(181): App\Filters\AuthFilter->before(Object(CodeIgniter\HTTP\IncomingRequest), NULL)
#2 C:\wamp64\www\estudo-api\api2\vendor\codeigniter4\framework\system\CodeIgniter.php(403): CodeIgniter\Filters\Filters->run('clientes', 'before')
#3 C:\wamp64\www\estudo-api\api2\vendor\codeigniter4\framework\system\CodeIgniter.php(333): CodeIgniter\CodeIgniter->handleRequest(NULL, Object(Config\Cache), false)
#4 C:\wamp64\www\estudo-api\api2\public\index.php(44): CodeIgniter\CodeIgniter->run()
#5 {main}
CRITICAL - 2021-02-20 12:43:31 --> Too few arguments to function CodeIgniter\HTTP\Message::getHeader(), 0 passed in C:\wamp64\www\estudo-api\api2\app\Filters\AuthFilter.php on line 24 and exactly 1 expected
#0 C:\wamp64\www\estudo-api\api2\app\Filters\AuthFilter.php(24): CodeIgniter\HTTP\Message->getHeader()
#1 C:\wamp64\www\estudo-api\api2\vendor\codeigniter4\framework\system\Filters\Filters.php(181): App\Filters\AuthFilter->before(Object(CodeIgniter\HTTP\IncomingRequest), NULL)
#2 C:\wamp64\www\estudo-api\api2\vendor\codeigniter4\framework\system\CodeIgniter.php(403): CodeIgniter\Filters\Filters->run('clientes', 'before')
#3 C:\wamp64\www\estudo-api\api2\vendor\codeigniter4\framework\system\CodeIgniter.php(333): CodeIgniter\CodeIgniter->handleRequest(NULL, Object(Config\Cache), false)
#4 C:\wamp64\www\estudo-api\api2\public\index.php(44): CodeIgniter\CodeIgniter->run()
#5 {main}
CRITICAL - 2021-02-20 12:47:33 --> Use of undefined constant authHeader - assumed 'authHeader' (this will throw an Error in a future version of PHP)
#0 C:\wamp64\www\estudo-api\api2\app\Filters\AuthFilter.php(24): CodeIgniter\Debug\Exceptions->errorHandler(2, 'Use of undefine...', 'C:\\wamp64\\www\\e...', 24, Array)
#1 C:\wamp64\www\estudo-api\api2\vendor\codeigniter4\framework\system\Filters\Filters.php(181): App\Filters\AuthFilter->before(Object(CodeIgniter\HTTP\IncomingRequest), NULL)
#2 C:\wamp64\www\estudo-api\api2\vendor\codeigniter4\framework\system\CodeIgniter.php(403): CodeIgniter\Filters\Filters->run('clientes', 'before')
#3 C:\wamp64\www\estudo-api\api2\vendor\codeigniter4\framework\system\CodeIgniter.php(333): CodeIgniter\CodeIgniter->handleRequest(NULL, Object(Config\Cache), false)
#4 C:\wamp64\www\estudo-api\api2\public\index.php(44): CodeIgniter\CodeIgniter->run()
#5 {main}
CRITICAL - 2021-02-20 12:48:45 --> Class 'App\Controllers\Services' not found
#0 C:\wamp64\www\estudo-api\api2\vendor\codeigniter4\framework\system\CodeIgniter.php(936): App\Controllers\Auth->create()
#1 C:\wamp64\www\estudo-api\api2\vendor\codeigniter4\framework\system\CodeIgniter.php(432): CodeIgniter\CodeIgniter->runController(Object(App\Controllers\Auth))
#2 C:\wamp64\www\estudo-api\api2\vendor\codeigniter4\framework\system\CodeIgniter.php(333): CodeIgniter\CodeIgniter->handleRequest(NULL, Object(Config\Cache), false)
#3 C:\wamp64\www\estudo-api\api2\public\index.php(44): CodeIgniter\CodeIgniter->run()
#4 {main}
CRITICAL - 2021-02-20 12:49:54 --> Cannot handle token prior to 2021-02-27T12:49:10-0600
#0 C:\wamp64\www\estudo-api\api2\app\Filters\AuthFilter.php(24): Firebase\JWT\JWT::decode('eyJ0eXAiOiJKV1Q...', 'xxxxrwerwexxd1f...', Array)
#1 C:\wamp64\www\estudo-api\api2\vendor\codeigniter4\framework\system\Filters\Filters.php(181): App\Filters\AuthFilter->before(Object(CodeIgniter\HTTP\IncomingRequest), NULL)
#2 C:\wamp64\www\estudo-api\api2\vendor\codeigniter4\framework\system\CodeIgniter.php(403): CodeIgniter\Filters\Filters->run('clientes', 'before')
#3 C:\wamp64\www\estudo-api\api2\vendor\codeigniter4\framework\system\CodeIgniter.php(333): CodeIgniter\CodeIgniter->handleRequest(NULL, Object(Config\Cache), false)
#4 C:\wamp64\www\estudo-api\api2\public\index.php(44): CodeIgniter\CodeIgniter->run()
#5 {main}
CRITICAL - 2021-02-20 21:32:08 --> Table 'local_web_service_ci4.clientes' doesn't exist
#0 C:\wamp64\www\estudo-api\api2\vendor\codeigniter4\framework\system\Database\MySQLi\Connection.php(314): mysqli->query('INSERT INTO `cl...')
#1 C:\wamp64\www\estudo-api\api2\vendor\codeigniter4\framework\system\Database\BaseConnection.php(713): CodeIgniter\Database\MySQLi\Connection->execute('INSERT INTO `cl...')
#2 C:\wamp64\www\estudo-api\api2\vendor\codeigniter4\framework\system\Database\BaseConnection.php(641): CodeIgniter\Database\BaseConnection->simpleQuery('INSERT INTO `cl...')
#3 C:\wamp64\www\estudo-api\api2\vendor\codeigniter4\framework\system\Database\BaseBuilder.php(2263): CodeIgniter\Database\BaseConnection->query('INSERT INTO `cl...', Array, false)
#4 C:\wamp64\www\estudo-api\api2\vendor\codeigniter4\framework\system\Model.php(278): CodeIgniter\Database\BaseBuilder->insert()
#5 C:\wamp64\www\estudo-api\api2\vendor\codeigniter4\framework\system\BaseModel.php(758): CodeIgniter\Model->doInsert(Array)
#6 C:\wamp64\www\estudo-api\api2\vendor\codeigniter4\framework\system\Model.php(705): CodeIgniter\BaseModel->insert(Array, false)
#7 C:\wamp64\www\estudo-api\api2\vendor\codeigniter4\framework\system\BaseModel.php(667): CodeIgniter\Model->insert(Object(stdClass), false)
#8 C:\wamp64\www\estudo-api\api2\app\Controllers\Clientes.php(45): CodeIgniter\BaseModel->save(Object(stdClass))
#9 C:\wamp64\www\estudo-api\api2\vendor\codeigniter4\framework\system\CodeIgniter.php(936): App\Controllers\Clientes->create()
#10 C:\wamp64\www\estudo-api\api2\vendor\codeigniter4\framework\system\CodeIgniter.php(432): CodeIgniter\CodeIgniter->runController(Object(App\Controllers\Clientes))
#11 C:\wamp64\www\estudo-api\api2\vendor\codeigniter4\framework\system\CodeIgniter.php(333): CodeIgniter\CodeIgniter->handleRequest(NULL, Object(Config\Cache), false)
#12 C:\wamp64\www\estudo-api\api2\public\index.php(44): CodeIgniter\CodeIgniter->run()
#13 {main}
CRITICAL - 2021-02-20 21:34:43 --> Duplicate entry '0' for key 'PRIMARY'
#0 C:\wamp64\www\estudo-api\api2\vendor\codeigniter4\framework\system\Database\MySQLi\Connection.php(314): mysqli->query('INSERT INTO `cl...')
#1 C:\wamp64\www\estudo-api\api2\vendor\codeigniter4\framework\system\Database\BaseConnection.php(713): CodeIgniter\Database\MySQLi\Connection->execute('INSERT INTO `cl...')
#2 C:\wamp64\www\estudo-api\api2\vendor\codeigniter4\framework\system\Database\BaseConnection.php(641): CodeIgniter\Database\BaseConnection->simpleQuery('INSERT INTO `cl...')
#3 C:\wamp64\www\estudo-api\api2\vendor\codeigniter4\framework\system\Database\BaseBuilder.php(2263): CodeIgniter\Database\BaseConnection->query('INSERT INTO `cl...', Array, false)
#4 C:\wamp64\www\estudo-api\api2\vendor\codeigniter4\framework\system\Model.php(278): CodeIgniter\Database\BaseBuilder->insert()
#5 C:\wamp64\www\estudo-api\api2\vendor\codeigniter4\framework\system\BaseModel.php(758): CodeIgniter\Model->doInsert(Array)
#6 C:\wamp64\www\estudo-api\api2\vendor\codeigniter4\framework\system\Model.php(705): CodeIgniter\BaseModel->insert(Array, false)
#7 C:\wamp64\www\estudo-api\api2\vendor\codeigniter4\framework\system\BaseModel.php(667): CodeIgniter\Model->insert(Object(stdClass), false)
#8 C:\wamp64\www\estudo-api\api2\app\Controllers\Clientes.php(45): CodeIgniter\BaseModel->save(Object(stdClass))
#9 C:\wamp64\www\estudo-api\api2\vendor\codeigniter4\framework\system\CodeIgniter.php(936): App\Controllers\Clientes->create()
#10 C:\wamp64\www\estudo-api\api2\vendor\codeigniter4\framework\system\CodeIgniter.php(432): CodeIgniter\CodeIgniter->runController(Object(App\Controllers\Clientes))
#11 C:\wamp64\www\estudo-api\api2\vendor\codeigniter4\framework\system\CodeIgniter.php(333): CodeIgniter\CodeIgniter->handleRequest(NULL, Object(Config\Cache), false)
#12 C:\wamp64\www\estudo-api\api2\public\index.php(44): CodeIgniter\CodeIgniter->run()
#13 {main}
CRITICAL - 2021-02-20 21:58:13 --> syntax error, unexpected '}'
#0 C:\wamp64\www\estudo-api\api2\vendor\codeigniter4\framework\system\Autoloader\Autoloader.php(265): CodeIgniter\Autoloader\Autoloader->includeFile('C:\\wamp64\\www\\e...')
#1 C:\wamp64\www\estudo-api\api2\vendor\codeigniter4\framework\system\Autoloader\Autoloader.php(228): CodeIgniter\Autoloader\Autoloader->loadInNamespace('App\\Controllers...')
#2 [internal function]: CodeIgniter\Autoloader\Autoloader->loadClass('App\\Controllers...')
#3 [internal function]: spl_autoload_call('App\\Controllers...')
#4 C:\wamp64\www\estudo-api\api2\vendor\codeigniter4\framework\system\CodeIgniter.php(893): class_exists('\\App\\Controller...', true)
#5 C:\wamp64\www\estudo-api\api2\vendor\codeigniter4\framework\system\CodeIgniter.php(417): CodeIgniter\CodeIgniter->startController()
#6 C:\wamp64\www\estudo-api\api2\vendor\codeigniter4\framework\system\CodeIgniter.php(333): CodeIgniter\CodeIgniter->handleRequest(NULL, Object(Config\Cache), false)
#7 C:\wamp64\www\estudo-api\api2\public\index.php(44): CodeIgniter\CodeIgniter->run()
#8 {main}
