CRITICAL - 2021-01-16 15:53:02 --> Class 'App\Controllers\Controllers' not found
#0 C:\wamp64\www\estudo-api\api2\vendor\codeigniter4\framework\system\Autoloader\Autoloader.php(365): require_once()
#1 C:\wamp64\www\estudo-api\api2\vendor\codeigniter4\framework\system\Autoloader\Autoloader.php(296): CodeIgniter\Autoloader\Autoloader->requireFile('C:\\wamp64\\www\\e...')
#2 C:\wamp64\www\estudo-api\api2\vendor\codeigniter4\framework\system\Autoloader\Autoloader.php(258): CodeIgniter\Autoloader\Autoloader->loadInNamespace('App\\Controllers...')
#3 [internal function]: CodeIgniter\Autoloader\Autoloader->loadClass('App\\Controllers...')
#4 [internal function]: spl_autoload_call('App\\Controllers...')
#5 C:\wamp64\www\estudo-api\api2\vendor\codeigniter4\framework\system\CodeIgniter.php(869): class_exists('\\App\\Controller...', true)
#6 C:\wamp64\www\estudo-api\api2\vendor\codeigniter4\framework\system\CodeIgniter.php(394): CodeIgniter\CodeIgniter->startController()
#7 C:\wamp64\www\estudo-api\api2\vendor\codeigniter4\framework\system\CodeIgniter.php(312): CodeIgniter\CodeIgniter->handleRequest(NULL, Object(Config\Cache), false)
#8 C:\wamp64\www\estudo-api\api2\public\index.php(44): CodeIgniter\CodeIgniter->run()
#9 {main}
CRITICAL - 2021-01-16 15:54:30 --> Class 'App\Controllers\Controllers' not found
#0 C:\wamp64\www\estudo-api\api2\vendor\codeigniter4\framework\system\Autoloader\Autoloader.php(365): require_once()
#1 C:\wamp64\www\estudo-api\api2\vendor\codeigniter4\framework\system\Autoloader\Autoloader.php(296): CodeIgniter\Autoloader\Autoloader->requireFile('C:\\wamp64\\www\\e...')
#2 C:\wamp64\www\estudo-api\api2\vendor\codeigniter4\framework\system\Autoloader\Autoloader.php(258): CodeIgniter\Autoloader\Autoloader->loadInNamespace('App\\Controllers...')
#3 [internal function]: CodeIgniter\Autoloader\Autoloader->loadClass('App\\Controllers...')
#4 [internal function]: spl_autoload_call('App\\Controllers...')
#5 C:\wamp64\www\estudo-api\api2\vendor\codeigniter4\framework\system\CodeIgniter.php(869): class_exists('\\App\\Controller...', true)
#6 C:\wamp64\www\estudo-api\api2\vendor\codeigniter4\framework\system\CodeIgniter.php(394): CodeIgniter\CodeIgniter->startController()
#7 C:\wamp64\www\estudo-api\api2\vendor\codeigniter4\framework\system\CodeIgniter.php(312): CodeIgniter\CodeIgniter->handleRequest(NULL, Object(Config\Cache), false)
#8 C:\wamp64\www\estudo-api\api2\public\index.php(44): CodeIgniter\CodeIgniter->run()
#9 {main}
CRITICAL - 2021-01-16 15:57:10 --> Call to undefined method App\Controllers\Auth::respondCreated()
#0 C:\wamp64\www\estudo-api\api2\vendor\codeigniter4\framework\system\CodeIgniter.php(918): App\Controllers\Auth->index()
#1 C:\wamp64\www\estudo-api\api2\vendor\codeigniter4\framework\system\CodeIgniter.php(404): CodeIgniter\CodeIgniter->runController(Object(App\Controllers\Auth))
#2 C:\wamp64\www\estudo-api\api2\vendor\codeigniter4\framework\system\CodeIgniter.php(312): CodeIgniter\CodeIgniter->handleRequest(NULL, Object(Config\Cache), false)
#3 C:\wamp64\www\estudo-api\api2\public\index.php(44): CodeIgniter\CodeIgniter->run()
#4 {main}
CRITICAL - 2021-01-16 15:59:13 --> syntax error, unexpected ':', expecting ']'
#0 C:\wamp64\www\estudo-api\api2\vendor\codeigniter4\framework\system\Autoloader\Autoloader.php(296): CodeIgniter\Autoloader\Autoloader->requireFile('C:\\wamp64\\www\\e...')
#1 C:\wamp64\www\estudo-api\api2\vendor\codeigniter4\framework\system\Autoloader\Autoloader.php(258): CodeIgniter\Autoloader\Autoloader->loadInNamespace('App\\Controllers...')
#2 [internal function]: CodeIgniter\Autoloader\Autoloader->loadClass('App\\Controllers...')
#3 [internal function]: spl_autoload_call('App\\Controllers...')
#4 C:\wamp64\www\estudo-api\api2\vendor\codeigniter4\framework\system\CodeIgniter.php(869): class_exists('\\App\\Controller...', true)
#5 C:\wamp64\www\estudo-api\api2\vendor\codeigniter4\framework\system\CodeIgniter.php(394): CodeIgniter\CodeIgniter->startController()
#6 C:\wamp64\www\estudo-api\api2\vendor\codeigniter4\framework\system\CodeIgniter.php(312): CodeIgniter\CodeIgniter->handleRequest(NULL, Object(Config\Cache), false)
#7 C:\wamp64\www\estudo-api\api2\public\index.php(44): CodeIgniter\CodeIgniter->run()
#8 {main}
CRITICAL - 2021-01-16 16:02:27 --> Call to undefined function failunauthorized()
#0 C:\wamp64\www\estudo-api\api2\vendor\codeigniter4\framework\system\CodeIgniter.php(918): App\Controllers\Auth->index()
#1 C:\wamp64\www\estudo-api\api2\vendor\codeigniter4\framework\system\CodeIgniter.php(404): CodeIgniter\CodeIgniter->runController(Object(App\Controllers\Auth))
#2 C:\wamp64\www\estudo-api\api2\vendor\codeigniter4\framework\system\CodeIgniter.php(312): CodeIgniter\CodeIgniter->handleRequest(NULL, Object(Config\Cache), false)
#3 C:\wamp64\www\estudo-api\api2\public\index.php(44): CodeIgniter\CodeIgniter->run()
#4 {main}
CRITICAL - 2021-01-16 16:07:32 --> Call to undefined method App\Controllers\Clientes::respondCreated()
#0 C:\wamp64\www\estudo-api\api2\vendor\codeigniter4\framework\system\CodeIgniter.php(918): App\Controllers\Clientes->index()
#1 C:\wamp64\www\estudo-api\api2\vendor\codeigniter4\framework\system\CodeIgniter.php(404): CodeIgniter\CodeIgniter->runController(Object(App\Controllers\Clientes))
#2 C:\wamp64\www\estudo-api\api2\vendor\codeigniter4\framework\system\CodeIgniter.php(312): CodeIgniter\CodeIgniter->handleRequest(NULL, Object(Config\Cache), false)
#3 C:\wamp64\www\estudo-api\api2\public\index.php(44): CodeIgniter\CodeIgniter->run()
#4 {main}
CRITICAL - 2021-01-16 16:09:47 --> Trait 'App\Controllers\ResponseTrait' not found
#0 [internal function]: CodeIgniter\Debug\Exceptions->shutdownHandler()
#1 {main}
CRITICAL - 2021-01-16 16:10:05 --> Trait 'App\Controllers\ResponseTrait' not found
#0 [internal function]: CodeIgniter\Debug\Exceptions->shutdownHandler()
#1 {main}
CRITICAL - 2021-01-16 16:10:38 --> Class 'Controller\Base' not found
#0 C:\wamp64\www\estudo-api\api2\vendor\codeigniter4\framework\system\Autoloader\Autoloader.php(365): require_once()
#1 C:\wamp64\www\estudo-api\api2\vendor\codeigniter4\framework\system\Autoloader\Autoloader.php(296): CodeIgniter\Autoloader\Autoloader->requireFile('C:\\wamp64\\www\\e...')
#2 C:\wamp64\www\estudo-api\api2\vendor\codeigniter4\framework\system\Autoloader\Autoloader.php(258): CodeIgniter\Autoloader\Autoloader->loadInNamespace('App\\Controllers...')
#3 [internal function]: CodeIgniter\Autoloader\Autoloader->loadClass('App\\Controllers...')
#4 [internal function]: spl_autoload_call('App\\Controllers...')
#5 C:\wamp64\www\estudo-api\api2\vendor\codeigniter4\framework\system\CodeIgniter.php(869): class_exists('\\App\\Controller...', true)
#6 C:\wamp64\www\estudo-api\api2\vendor\codeigniter4\framework\system\CodeIgniter.php(394): CodeIgniter\CodeIgniter->startController()
#7 C:\wamp64\www\estudo-api\api2\vendor\codeigniter4\framework\system\CodeIgniter.php(312): CodeIgniter\CodeIgniter->handleRequest(NULL, Object(Config\Cache), false)
#8 C:\wamp64\www\estudo-api\api2\public\index.php(44): CodeIgniter\CodeIgniter->run()
#9 {main}
CRITICAL - 2021-01-16 16:10:50 --> Class 'Base' not found
#0 C:\wamp64\www\estudo-api\api2\vendor\codeigniter4\framework\system\Autoloader\Autoloader.php(365): require_once()
#1 C:\wamp64\www\estudo-api\api2\vendor\codeigniter4\framework\system\Autoloader\Autoloader.php(296): CodeIgniter\Autoloader\Autoloader->requireFile('C:\\wamp64\\www\\e...')
#2 C:\wamp64\www\estudo-api\api2\vendor\codeigniter4\framework\system\Autoloader\Autoloader.php(258): CodeIgniter\Autoloader\Autoloader->loadInNamespace('App\\Controllers...')
#3 [internal function]: CodeIgniter\Autoloader\Autoloader->loadClass('App\\Controllers...')
#4 [internal function]: spl_autoload_call('App\\Controllers...')
#5 C:\wamp64\www\estudo-api\api2\vendor\codeigniter4\framework\system\CodeIgniter.php(869): class_exists('\\App\\Controller...', true)
#6 C:\wamp64\www\estudo-api\api2\vendor\codeigniter4\framework\system\CodeIgniter.php(394): CodeIgniter\CodeIgniter->startController()
#7 C:\wamp64\www\estudo-api\api2\vendor\codeigniter4\framework\system\CodeIgniter.php(312): CodeIgniter\CodeIgniter->handleRequest(NULL, Object(Config\Cache), false)
#8 C:\wamp64\www\estudo-api\api2\public\index.php(44): CodeIgniter\CodeIgniter->run()
#9 {main}
CRITICAL - 2021-01-16 16:11:04 --> Trait 'App\Controllers\ResponseTrait' not found
#0 [internal function]: CodeIgniter\Debug\Exceptions->shutdownHandler()
#1 {main}
CRITICAL - 2021-01-16 16:11:05 --> Trait 'App\Controllers\ResponseTrait' not found
#0 [internal function]: CodeIgniter\Debug\Exceptions->shutdownHandler()
#1 {main}
CRITICAL - 2021-01-16 16:16:43 --> Undefined variable: exampleUser
#0 C:\wamp64\www\estudo-api\api2\app\Controllers\Auth.php(23): CodeIgniter\Debug\Exceptions->errorHandler(8, 'Undefined varia...', 'C:\\wamp64\\www\\e...', 23, Array)
#1 C:\wamp64\www\estudo-api\api2\vendor\codeigniter4\framework\system\CodeIgniter.php(918): App\Controllers\Auth->create()
#2 C:\wamp64\www\estudo-api\api2\vendor\codeigniter4\framework\system\CodeIgniter.php(404): CodeIgniter\CodeIgniter->runController(Object(App\Controllers\Auth))
#3 C:\wamp64\www\estudo-api\api2\vendor\codeigniter4\framework\system\CodeIgniter.php(312): CodeIgniter\CodeIgniter->handleRequest(NULL, Object(Config\Cache), false)
#4 C:\wamp64\www\estudo-api\api2\public\index.php(44): CodeIgniter\CodeIgniter->run()
#5 {main}
CRITICAL - 2021-01-16 16:20:17 --> Undefined variable: dados
#0 C:\wamp64\www\estudo-api\api2\app\Controllers\Auth.php(25): CodeIgniter\Debug\Exceptions->errorHandler(8, 'Undefined varia...', 'C:\\wamp64\\www\\e...', 25, Array)
#1 C:\wamp64\www\estudo-api\api2\vendor\codeigniter4\framework\system\CodeIgniter.php(918): App\Controllers\Auth->create()
#2 C:\wamp64\www\estudo-api\api2\vendor\codeigniter4\framework\system\CodeIgniter.php(404): CodeIgniter\CodeIgniter->runController(Object(App\Controllers\Auth))
#3 C:\wamp64\www\estudo-api\api2\vendor\codeigniter4\framework\system\CodeIgniter.php(312): CodeIgniter\CodeIgniter->handleRequest(NULL, Object(Config\Cache), false)
#4 C:\wamp64\www\estudo-api\api2\public\index.php(44): CodeIgniter\CodeIgniter->run()
#5 {main}
CRITICAL - 2021-01-16 16:21:05 --> Undefined variable: dados
#0 C:\wamp64\www\estudo-api\api2\app\Controllers\Auth.php(25): CodeIgniter\Debug\Exceptions->errorHandler(8, 'Undefined varia...', 'C:\\wamp64\\www\\e...', 25, Array)
#1 C:\wamp64\www\estudo-api\api2\vendor\codeigniter4\framework\system\CodeIgniter.php(918): App\Controllers\Auth->create()
#2 C:\wamp64\www\estudo-api\api2\vendor\codeigniter4\framework\system\CodeIgniter.php(404): CodeIgniter\CodeIgniter->runController(Object(App\Controllers\Auth))
#3 C:\wamp64\www\estudo-api\api2\vendor\codeigniter4\framework\system\CodeIgniter.php(312): CodeIgniter\CodeIgniter->handleRequest(NULL, Object(Config\Cache), false)
#4 C:\wamp64\www\estudo-api\api2\public\index.php(44): CodeIgniter\CodeIgniter->run()
#5 {main}
CRITICAL - 2021-01-16 16:31:55 --> Call to undefined method App\Controllers\Auth::failUnauthorized()
#0 C:\wamp64\www\estudo-api\api2\vendor\codeigniter4\framework\system\CodeIgniter.php(918): App\Controllers\Auth->index()
#1 C:\wamp64\www\estudo-api\api2\vendor\codeigniter4\framework\system\CodeIgniter.php(404): CodeIgniter\CodeIgniter->runController(Object(App\Controllers\Auth))
#2 C:\wamp64\www\estudo-api\api2\vendor\codeigniter4\framework\system\CodeIgniter.php(312): CodeIgniter\CodeIgniter->handleRequest(NULL, Object(Config\Cache), false)
#3 C:\wamp64\www\estudo-api\api2\public\index.php(44): CodeIgniter\CodeIgniter->run()
#4 {main}
CRITICAL - 2021-01-16 16:32:01 --> Call to undefined method App\Controllers\Clientes::respond()
#0 C:\wamp64\www\estudo-api\api2\vendor\codeigniter4\framework\system\CodeIgniter.php(918): App\Controllers\Clientes->index()
#1 C:\wamp64\www\estudo-api\api2\vendor\codeigniter4\framework\system\CodeIgniter.php(404): CodeIgniter\CodeIgniter->runController(Object(App\Controllers\Clientes))
#2 C:\wamp64\www\estudo-api\api2\vendor\codeigniter4\framework\system\CodeIgniter.php(312): CodeIgniter\CodeIgniter->handleRequest(NULL, Object(Config\Cache), false)
#3 C:\wamp64\www\estudo-api\api2\public\index.php(44): CodeIgniter\CodeIgniter->run()
#4 {main}
CRITICAL - 2021-01-16 16:45:40 --> Undefined property: App\Filters\AuthFilter::$response
#0 C:\wamp64\www\estudo-api\api2\vendor\codeigniter4\framework\system\API\ResponseTrait.php(398): CodeIgniter\Debug\Exceptions->errorHandler(8, 'Undefined prope...', 'C:\\wamp64\\www\\e...', 398, Array)
#1 C:\wamp64\www\estudo-api\api2\vendor\codeigniter4\framework\system\API\ResponseTrait.php(134): App\Filters\AuthFilter->format(Array)
#2 C:\wamp64\www\estudo-api\api2\app\Filters\AuthFilter.php(20): App\Filters\AuthFilter->respond(Array, 200)
#3 C:\wamp64\www\estudo-api\api2\vendor\codeigniter4\framework\system\Filters\Filters.php(173): App\Filters\AuthFilter->before(Object(CodeIgniter\HTTP\IncomingRequest), NULL)
#4 C:\wamp64\www\estudo-api\api2\vendor\codeigniter4\framework\system\CodeIgniter.php(382): CodeIgniter\Filters\Filters->run('clientes', 'before')
#5 C:\wamp64\www\estudo-api\api2\vendor\codeigniter4\framework\system\CodeIgniter.php(312): CodeIgniter\CodeIgniter->handleRequest(NULL, Object(Config\Cache), false)
#6 C:\wamp64\www\estudo-api\api2\public\index.php(44): CodeIgniter\CodeIgniter->run()
#7 {main}
CRITICAL - 2021-01-16 16:46:10 --> Undefined property: App\Filters\AuthFilter::$response
#0 C:\wamp64\www\estudo-api\api2\vendor\codeigniter4\framework\system\API\ResponseTrait.php(398): CodeIgniter\Debug\Exceptions->errorHandler(8, 'Undefined prope...', 'C:\\wamp64\\www\\e...', 398, Array)
#1 C:\wamp64\www\estudo-api\api2\vendor\codeigniter4\framework\system\API\ResponseTrait.php(134): App\Filters\AuthFilter->format(Array)
#2 C:\wamp64\www\estudo-api\api2\app\Filters\AuthFilter.php(20): App\Filters\AuthFilter->respond(Array, 200)
#3 C:\wamp64\www\estudo-api\api2\vendor\codeigniter4\framework\system\Filters\Filters.php(173): App\Filters\AuthFilter->before(Object(CodeIgniter\HTTP\IncomingRequest), NULL)
#4 C:\wamp64\www\estudo-api\api2\vendor\codeigniter4\framework\system\CodeIgniter.php(382): CodeIgniter\Filters\Filters->run('clientes', 'before')
#5 C:\wamp64\www\estudo-api\api2\vendor\codeigniter4\framework\system\CodeIgniter.php(312): CodeIgniter\CodeIgniter->handleRequest(NULL, Object(Config\Cache), false)
#6 C:\wamp64\www\estudo-api\api2\public\index.php(44): CodeIgniter\CodeIgniter->run()
#7 {main}
CRITICAL - 2021-01-16 16:46:46 --> Undefined property: App\Filters\AuthFilter::$response
#0 C:\wamp64\www\estudo-api\api2\vendor\codeigniter4\framework\system\API\ResponseTrait.php(381): CodeIgniter\Debug\Exceptions->errorHandler(8, 'Undefined prope...', 'C:\\wamp64\\www\\e...', 381, Array)
#1 C:\wamp64\www\estudo-api\api2\vendor\codeigniter4\framework\system\API\ResponseTrait.php(134): App\Filters\AuthFilter->format('sdasda')
#2 C:\wamp64\www\estudo-api\api2\app\Filters\AuthFilter.php(20): App\Filters\AuthFilter->respond('sdasda', 200)
#3 C:\wamp64\www\estudo-api\api2\vendor\codeigniter4\framework\system\Filters\Filters.php(173): App\Filters\AuthFilter->before(Object(CodeIgniter\HTTP\IncomingRequest), NULL)
#4 C:\wamp64\www\estudo-api\api2\vendor\codeigniter4\framework\system\CodeIgniter.php(382): CodeIgniter\Filters\Filters->run('clientes', 'before')
#5 C:\wamp64\www\estudo-api\api2\vendor\codeigniter4\framework\system\CodeIgniter.php(312): CodeIgniter\CodeIgniter->handleRequest(NULL, Object(Config\Cache), false)
#6 C:\wamp64\www\estudo-api\api2\public\index.php(44): CodeIgniter\CodeIgniter->run()
#7 {main}
CRITICAL - 2021-01-16 16:47:13 --> Undefined property: App\Filters\AuthFilter::$response
#0 C:\wamp64\www\estudo-api\api2\vendor\codeigniter4\framework\system\API\ResponseTrait.php(381): CodeIgniter\Debug\Exceptions->errorHandler(8, 'Undefined prope...', 'C:\\wamp64\\www\\e...', 381, Array)
#1 C:\wamp64\www\estudo-api\api2\vendor\codeigniter4\framework\system\API\ResponseTrait.php(134): App\Filters\AuthFilter->format('sdasda')
#2 C:\wamp64\www\estudo-api\api2\app\Filters\AuthFilter.php(20): App\Filters\AuthFilter->respond('sdasda', 200)
#3 C:\wamp64\www\estudo-api\api2\vendor\codeigniter4\framework\system\Filters\Filters.php(173): App\Filters\AuthFilter->before(Object(CodeIgniter\HTTP\IncomingRequest), NULL)
#4 C:\wamp64\www\estudo-api\api2\vendor\codeigniter4\framework\system\CodeIgniter.php(382): CodeIgniter\Filters\Filters->run('clientes', 'before')
#5 C:\wamp64\www\estudo-api\api2\vendor\codeigniter4\framework\system\CodeIgniter.php(312): CodeIgniter\CodeIgniter->handleRequest(NULL, Object(Config\Cache), false)
#6 C:\wamp64\www\estudo-api\api2\public\index.php(44): CodeIgniter\CodeIgniter->run()
#7 {main}
CRITICAL - 2021-01-16 16:49:04 --> Undefined property: App\Filters\AuthFilter::$response
#0 C:\wamp64\www\estudo-api\api2\vendor\codeigniter4\framework\system\API\ResponseTrait.php(381): CodeIgniter\Debug\Exceptions->errorHandler(8, 'Undefined prope...', 'C:\\wamp64\\www\\e...', 381, Array)
#1 C:\wamp64\www\estudo-api\api2\vendor\codeigniter4\framework\system\API\ResponseTrait.php(134): App\Filters\AuthFilter->format('sdasda')
#2 C:\wamp64\www\estudo-api\api2\app\Filters\AuthFilter.php(20): App\Filters\AuthFilter->respond('sdasda', 200)
#3 C:\wamp64\www\estudo-api\api2\vendor\codeigniter4\framework\system\Filters\Filters.php(173): App\Filters\AuthFilter->before(Object(CodeIgniter\HTTP\IncomingRequest), NULL)
#4 C:\wamp64\www\estudo-api\api2\vendor\codeigniter4\framework\system\CodeIgniter.php(382): CodeIgniter\Filters\Filters->run('clientes', 'before')
#5 C:\wamp64\www\estudo-api\api2\vendor\codeigniter4\framework\system\CodeIgniter.php(312): CodeIgniter\CodeIgniter->handleRequest(NULL, Object(Config\Cache), false)
#6 C:\wamp64\www\estudo-api\api2\public\index.php(44): CodeIgniter\CodeIgniter->run()
#7 {main}
CRITICAL - 2021-01-16 16:49:05 --> Undefined property: App\Filters\AuthFilter::$response
#0 C:\wamp64\www\estudo-api\api2\vendor\codeigniter4\framework\system\API\ResponseTrait.php(381): CodeIgniter\Debug\Exceptions->errorHandler(8, 'Undefined prope...', 'C:\\wamp64\\www\\e...', 381, Array)
#1 C:\wamp64\www\estudo-api\api2\vendor\codeigniter4\framework\system\API\ResponseTrait.php(134): App\Filters\AuthFilter->format('sdasda')
#2 C:\wamp64\www\estudo-api\api2\app\Filters\AuthFilter.php(20): App\Filters\AuthFilter->respond('sdasda', 200)
#3 C:\wamp64\www\estudo-api\api2\vendor\codeigniter4\framework\system\Filters\Filters.php(173): App\Filters\AuthFilter->before(Object(CodeIgniter\HTTP\IncomingRequest), NULL)
#4 C:\wamp64\www\estudo-api\api2\vendor\codeigniter4\framework\system\CodeIgniter.php(382): CodeIgniter\Filters\Filters->run('clientes', 'before')
#5 C:\wamp64\www\estudo-api\api2\vendor\codeigniter4\framework\system\CodeIgniter.php(312): CodeIgniter\CodeIgniter->handleRequest(NULL, Object(Config\Cache), false)
#6 C:\wamp64\www\estudo-api\api2\public\index.php(44): CodeIgniter\CodeIgniter->run()
#7 {main}
CRITICAL - 2021-01-16 16:50:01 --> syntax error, unexpected 'die' (T_EXIT), expecting ';'
#0 C:\wamp64\www\estudo-api\api2\vendor\codeigniter4\framework\system\Autoloader\Autoloader.php(296): CodeIgniter\Autoloader\Autoloader->requireFile('C:\\wamp64\\www\\e...')
#1 C:\wamp64\www\estudo-api\api2\vendor\codeigniter4\framework\system\Autoloader\Autoloader.php(258): CodeIgniter\Autoloader\Autoloader->loadInNamespace('App\\Filters\\Aut...')
#2 [internal function]: CodeIgniter\Autoloader\Autoloader->loadClass('App\\Filters\\Aut...')
#3 C:\wamp64\www\estudo-api\api2\vendor\codeigniter4\framework\system\Filters\Filters.php(164): spl_autoload_call('App\\Filters\\Aut...')
#4 C:\wamp64\www\estudo-api\api2\vendor\codeigniter4\framework\system\CodeIgniter.php(382): CodeIgniter\Filters\Filters->run('clientes', 'before')
#5 C:\wamp64\www\estudo-api\api2\vendor\codeigniter4\framework\system\CodeIgniter.php(312): CodeIgniter\CodeIgniter->handleRequest(NULL, Object(Config\Cache), false)
#6 C:\wamp64\www\estudo-api\api2\public\index.php(44): CodeIgniter\CodeIgniter->run()
#7 {main}
CRITICAL - 2021-01-16 16:51:27 --> Undefined variable: authHeader
#0 C:\wamp64\www\estudo-api\api2\app\Filters\AuthFilter.php(20): CodeIgniter\Debug\Exceptions->errorHandler(8, 'Undefined varia...', 'C:\\wamp64\\www\\e...', 20, Array)
#1 C:\wamp64\www\estudo-api\api2\vendor\codeigniter4\framework\system\Filters\Filters.php(173): App\Filters\AuthFilter->before(Object(CodeIgniter\HTTP\IncomingRequest), NULL)
#2 C:\wamp64\www\estudo-api\api2\vendor\codeigniter4\framework\system\CodeIgniter.php(382): CodeIgniter\Filters\Filters->run('clientes', 'before')
#3 C:\wamp64\www\estudo-api\api2\vendor\codeigniter4\framework\system\CodeIgniter.php(312): CodeIgniter\CodeIgniter->handleRequest(NULL, Object(Config\Cache), false)
#4 C:\wamp64\www\estudo-api\api2\public\index.php(44): CodeIgniter\CodeIgniter->run()
#5 {main}
CRITICAL - 2021-01-16 16:52:20 --> Undefined variable: authHeader
#0 C:\wamp64\www\estudo-api\api2\app\Filters\AuthFilter.php(20): CodeIgniter\Debug\Exceptions->errorHandler(8, 'Undefined varia...', 'C:\\wamp64\\www\\e...', 20, Array)
#1 C:\wamp64\www\estudo-api\api2\vendor\codeigniter4\framework\system\Filters\Filters.php(173): App\Filters\AuthFilter->before(Object(CodeIgniter\HTTP\IncomingRequest), NULL)
#2 C:\wamp64\www\estudo-api\api2\vendor\codeigniter4\framework\system\CodeIgniter.php(382): CodeIgniter\Filters\Filters->run('clientes', 'before')
#3 C:\wamp64\www\estudo-api\api2\vendor\codeigniter4\framework\system\CodeIgniter.php(312): CodeIgniter\CodeIgniter->handleRequest(NULL, Object(Config\Cache), false)
#4 C:\wamp64\www\estudo-api\api2\public\index.php(44): CodeIgniter\CodeIgniter->run()
#5 {main}
CRITICAL - 2021-01-16 16:55:47 --> Undefined property: App\Filters\AuthFilter::$response
#0 C:\wamp64\www\estudo-api\api2\vendor\codeigniter4\framework\system\API\ResponseTrait.php(398): CodeIgniter\Debug\Exceptions->errorHandler(8, 'Undefined prope...', 'C:\\wamp64\\www\\e...', 398, Array)
#1 C:\wamp64\www\estudo-api\api2\vendor\codeigniter4\framework\system\API\ResponseTrait.php(134): App\Filters\AuthFilter->format(Array)
#2 C:\wamp64\www\estudo-api\api2\vendor\codeigniter4\framework\system\API\ResponseTrait.php(166): App\Filters\AuthFilter->respond(Array, 401, '')
#3 C:\wamp64\www\estudo-api\api2\vendor\codeigniter4\framework\system\API\ResponseTrait.php(245): App\Filters\AuthFilter->fail(Array, 401, NULL, '')
#4 C:\wamp64\www\estudo-api\api2\app\Filters\AuthFilter.php(22): App\Filters\AuthFilter->failUnauthorized('Acesso negado')
#5 C:\wamp64\www\estudo-api\api2\vendor\codeigniter4\framework\system\Filters\Filters.php(173): App\Filters\AuthFilter->before(Object(CodeIgniter\HTTP\IncomingRequest), NULL)
#6 C:\wamp64\www\estudo-api\api2\vendor\codeigniter4\framework\system\CodeIgniter.php(382): CodeIgniter\Filters\Filters->run('clientes', 'before')
#7 C:\wamp64\www\estudo-api\api2\vendor\codeigniter4\framework\system\CodeIgniter.php(312): CodeIgniter\CodeIgniter->handleRequest(NULL, Object(Config\Cache), false)
#8 C:\wamp64\www\estudo-api\api2\public\index.php(44): CodeIgniter\CodeIgniter->run()
#9 {main}
CRITICAL - 2021-01-16 16:57:07 --> syntax error, unexpected 'use' (T_USE)
#0 C:\wamp64\www\estudo-api\api2\vendor\codeigniter4\framework\system\Autoloader\Autoloader.php(296): CodeIgniter\Autoloader\Autoloader->requireFile('C:\\wamp64\\www\\e...')
#1 C:\wamp64\www\estudo-api\api2\vendor\codeigniter4\framework\system\Autoloader\Autoloader.php(258): CodeIgniter\Autoloader\Autoloader->loadInNamespace('App\\Filters\\Aut...')
#2 [internal function]: CodeIgniter\Autoloader\Autoloader->loadClass('App\\Filters\\Aut...')
#3 C:\wamp64\www\estudo-api\api2\vendor\codeigniter4\framework\system\Filters\Filters.php(164): spl_autoload_call('App\\Filters\\Aut...')
#4 C:\wamp64\www\estudo-api\api2\vendor\codeigniter4\framework\system\CodeIgniter.php(382): CodeIgniter\Filters\Filters->run('clientes', 'before')
#5 C:\wamp64\www\estudo-api\api2\vendor\codeigniter4\framework\system\CodeIgniter.php(312): CodeIgniter\CodeIgniter->handleRequest(NULL, Object(Config\Cache), false)
#6 C:\wamp64\www\estudo-api\api2\public\index.php(44): CodeIgniter\CodeIgniter->run()
#7 {main}
CRITICAL - 2021-01-16 16:58:20 --> syntax error, unexpected 'use' (T_USE)
#0 C:\wamp64\www\estudo-api\api2\vendor\codeigniter4\framework\system\Autoloader\Autoloader.php(296): CodeIgniter\Autoloader\Autoloader->requireFile('C:\\wamp64\\www\\e...')
#1 C:\wamp64\www\estudo-api\api2\vendor\codeigniter4\framework\system\Autoloader\Autoloader.php(258): CodeIgniter\Autoloader\Autoloader->loadInNamespace('App\\Filters\\Aut...')
#2 [internal function]: CodeIgniter\Autoloader\Autoloader->loadClass('App\\Filters\\Aut...')
#3 C:\wamp64\www\estudo-api\api2\vendor\codeigniter4\framework\system\Filters\Filters.php(164): spl_autoload_call('App\\Filters\\Aut...')
#4 C:\wamp64\www\estudo-api\api2\vendor\codeigniter4\framework\system\CodeIgniter.php(382): CodeIgniter\Filters\Filters->run('clientes', 'before')
#5 C:\wamp64\www\estudo-api\api2\vendor\codeigniter4\framework\system\CodeIgniter.php(312): CodeIgniter\CodeIgniter->handleRequest(NULL, Object(Config\Cache), false)
#6 C:\wamp64\www\estudo-api\api2\public\index.php(44): CodeIgniter\CodeIgniter->run()
#7 {main}
